c:\users\marco\desktop\nightknight\2dgame\02-bubble\02-bubble\release\vc140.pdb
c:\users\marco\desktop\nightknight\2dgame\02-bubble\02-bubble\release\tilemap.obj
c:\users\marco\desktop\nightknight\2dgame\02-bubble\02-bubble\release\texture.obj
c:\users\marco\desktop\nightknight\2dgame\02-bubble\02-bubble\release\sprite.obj
c:\users\marco\desktop\nightknight\2dgame\02-bubble\02-bubble\release\shaderprogram.obj
c:\users\marco\desktop\nightknight\2dgame\02-bubble\02-bubble\release\shader.obj
c:\users\marco\desktop\nightknight\2dgame\02-bubble\02-bubble\release\scene.obj
c:\users\marco\desktop\nightknight\2dgame\02-bubble\02-bubble\release\player.obj
c:\users\marco\desktop\nightknight\2dgame\02-bubble\02-bubble\release\main.obj
c:\users\marco\desktop\nightknight\2dgame\02-bubble\02-bubble\release\game.obj
c:\users\marco\desktop\nightknight\2dgame\02-bubble\02-bubble\release\texturedquad.obj
c:\users\marco\desktop\nightknight\2dgame\02-bubble\02-bubble\release\quad.obj
c:\users\marco\desktop\nightknight\2dgame\02-bubble\02-bubble\release\text.obj
c:\users\marco\desktop\nightknight\2dgame\02-bubble\02-bubble\release\rajola.obj
c:\users\marco\desktop\nightknight\2dgame\02-bubble\release\02-bubble.pdb
c:\users\marco\desktop\nightknight\2dgame\02-bubble\02-bubble\release\02-bubble.tlog\cl.command.1.tlog
c:\users\marco\desktop\nightknight\2dgame\02-bubble\02-bubble\release\02-bubble.tlog\cl.read.1.tlog
c:\users\marco\desktop\nightknight\2dgame\02-bubble\02-bubble\release\02-bubble.tlog\cl.write.1.tlog
c:\users\marco\desktop\nightknight\2dgame\02-bubble\02-bubble\release\02-bubble.tlog\link.command.1.tlog
c:\users\marco\desktop\nightknight\2dgame\02-bubble\02-bubble\release\02-bubble.tlog\link.read.1.tlog
c:\users\marco\desktop\nightknight\2dgame\02-bubble\02-bubble\release\02-bubble.tlog\link.write.1.tlog
